<?xml version="1.0" encoding="UTF-8"?>
<!-- Generated by org.testng.reporters.JUnitReportReporter -->
<testsuite hostname="DESKTOP-CR38URJ" failures="0" tests="4" name="com.test.TestCases" time="51.185" errors="0" timestamp="2024-02-06T18:48:26 IST" skipped="0">
  <testcase classname="com.test.TestCases" name="navigateToProductsPage" time="18.006"/>
  <system-out/>
  <testcase classname="com.test.TestCases" name="testInteractWithForm" time="16.216"/>
  <system-out/>
  <testcase classname="com.test.TestCases" name="DynamicElement" time="11.044"/>
  <system-out/>
  <testcase classname="com.test.TestCases" name="getAllLinksFromProductPage" time="5.919"/>
  <system-out/>
</testsuite> <!-- com.test.TestCases -->
