<?xml version="1.0" encoding="UTF-8"?>
<!-- Generated by org.testng.reporters.JUnitReportReporter -->
<testsuite hostname="DESKTOP-CR38URJ" failures="0" tests="1" name="com.test.Demo" time="29.941" errors="0" timestamp="2024-02-06T16:18:26 IST" skipped="0">
  <testcase classname="com.test.Demo" name="testInteractWithForm" time="29.941"/>
  <system-out/>
</testsuite> <!-- com.test.Demo -->
