<?xml version="1.0" encoding="UTF-8"?>
<!-- Generated by org.testng.reporters.JUnitReportReporter -->
<testsuite hostname="DESKTOP-CR38URJ" failures="0" tests="4" name="com.test.TestCases" time="43.278" errors="0" timestamp="2024-02-06T19:08:41 IST" skipped="0">
  <testcase classname="com.test.TestCases" name="navigateToProductsPage" time="14.065"/>
  <system-out/>
  <testcase classname="com.test.TestCases" name="testInteractWithForm" time="10.821"/>
  <system-out/>
  <testcase classname="com.test.TestCases" name="dynamicElement" time="5.659"/>
  <system-out/>
  <testcase classname="com.test.TestCases" name="getAllLinksFromProductPage" time="12.733"/>
  <system-out/>
</testsuite> <!-- com.test.TestCases -->
